This is XeTeX, Version 3.141592653-2.6-0.999997 (TeX Live 2025) (preloaded format=xelatex 2026.2.7)  7 FEB 2026 09:14
entering extended mode
 restricted \write18 enabled.
 %&-line parsing enabled.
**StatsMedExample.tex
(./StatsMedExample.tex
LaTeX2e <2025-11-01>
L3 programming layer <2026-01-19>
(./WileyNJD-v5.cls
Document Class: WileyNJD-v5 2022/04/05 v5.0 Standard LaTeX document class for Journal
\job@temptoken=\toks17
(/Users/hilaryyang/Library/TinyTeX/texmf-dist/tex/latex/base/article.cls
Document Class: article 2025/01/22 v1.4n Standard LaTeX document class
(/Users/hilaryyang/Library/TinyTeX/texmf-dist/tex/latex/base/fleqn.clo
File: fleqn.clo 2016/12/29 v1.2b Standard LaTeX option (flush left equations)
\mathindent=\skip49
Applying: [2015/01/01] Make \[ robust on input line 50.
LaTeX Info: Redefining \[ on input line 51.
Already applied: [0000/00/00] Make \[ robust on input line 62.
Applying: [2015/01/01] Make \] robust on input line 74.
LaTeX Info: Redefining \] on input line 75.
Already applied: [0000/00/00] Make \] robust on input line 83.
) (/Users/hilaryyang/Library/TinyTeX/texmf-dist/tex/latex/base/size10.clo
File: size10.clo 2025/01/22 v1.4n Standard LaTeX file (size option)
)
\c@part=\count271
\c@section=\count272
\c@subsection=\count273
\c@subsubsection=\count274
\c@paragraph=\count275
\c@subparagraph=\count276
\c@figure=\count277
\c@table=\count278
\abovecaptionskip=\skip50
\belowcaptionskip=\skip51
\bibindent=\dimen148
) (/Users/hilaryyang/Library/TinyTeX/texmf-dist/tex/latex/etex-pkg/etex.sty
Package: etex 2016/08/01 v2.7 eTeX basic definition package (PEB,DPC)

Package etex Warning: Extended allocation already in use.
(etex)                etex.sty code will not be used.
(etex)                To force etex package to load, add
(etex)                \RequirePackage{etex}
(etex)                at the start of the document.

)
! Undefined control sequence.
<recently read> \reserveinserts 
                                
l.356 \reserveinserts
                     {28}% included etex package and \reserveinserts{...} to...
The control sequence at the end of the top line
of your error message was never \def'ed. If you have
misspelled it (e.g., `\hobx'), type `I' and the correct
spelling (e.g., `I\hbox'). Otherwise just continue,
and I'll forget about whatever was undefined.

 
Here is how much of TeX's memory you used:
 641 strings out of 470190
 9264 string characters out of 5477944
 426408 words of memory out of 5000000
 29307 multiletter control sequences out of 15000+600000
 627729 words of font info for 41 fonts, out of 8000000 for 9000
 14 hyphenation exceptions out of 8191
 52i,0n,64p,233b,40s stack positions out of 10000i,1000n,20000p,200000b,200000s
No pages of output.
